<?xml version="1.0" encoding="UTF-8"?>
<!-- Generated by org.testng.reporters.JUnitReportReporter -->
<testsuite hostname="CLM-username.local" name="RedBoxPixelTest" tests="2" failures="0" timestamp="2 Mar 2016 03:08:10 GMT" time="19.547" errors="0">
  <testcase name="BatmanSearchTest" time="9.041" classname="RedBoxPixelTest"/>
  <testcase name="PixelSearchTest" time="10.506" classname="RedBoxPixelTest"/>
</testsuite> <!-- RedBoxPixelTest -->
